<?xml version="1.0" encoding="UTF-8"?>
<testng-results ignored="0" total="2" passed="2" failed="0" skipped="0">
  <reporter-output>
  </reporter-output>
  <suite started-at="2022-06-14T08:21:21 IST" name="Default suite" finished-at="2022-06-14T08:21:30 IST" duration-ms="9371">
    <groups>
    </groups>
    <test started-at="2022-06-14T08:21:21 IST" name="Default test" finished-at="2022-06-14T08:21:30 IST" duration-ms="9371">
      <class name="user_services.NormalUsage">
        <test-method signature="AmazonURlOpening(java.lang.String)[pri:0, instance:user_services.NormalUsage@b9b00e0]" started-at="2022-06-14T08:21:21 IST" name="AmazonURlOpening" data-provider="urlData" finished-at="2022-06-14T08:21:28 IST" duration-ms="7162" status="PASS">
          <params>
            <param index="0">
              <value>
                <![CDATA[https://amazon.in]]>
              </value>
            </param>
          </params>
          <reporter-output>
          </reporter-output>
        </test-method> <!-- AmazonURlOpening -->
        <test-method signature="AmazonURlOpening(java.lang.String)[pri:0, instance:user_services.NormalUsage@b9b00e0]" started-at="2022-06-14T08:21:28 IST" name="AmazonURlOpening" data-provider="urlData" finished-at="2022-06-14T08:21:30 IST" duration-ms="2165" status="PASS">
          <params>
            <param index="0">
              <value>
                <![CDATA[https://facebook.com/]]>
              </value>
            </param>
          </params>
          <reporter-output>
          </reporter-output>
        </test-method> <!-- AmazonURlOpening -->
      </class> <!-- user_services.NormalUsage -->
    </test> <!-- Default test -->
  </suite> <!-- Default suite -->
</testng-results>
